** Drc report for FPL.kicad_pcb **
** Created on 2026-04-06T16:35:01 **
** Report includes: Errors, Warnings, Exclusions **

** Found 276 DRC violations **
[solder_mask_bridge]: Front solder mask aperture bridges items with different nets
    Rule: board setup solder mask min width; error
    @(142.2860 mm, 111.1700 mm): Pad 2 [1V8] of C6 on F.Cu
    @(142.7300 mm, 111.1700 mm): Pad 1 [VCCAUX] of C6 on F.Cu
[solder_mask_bridge]: Front solder mask aperture bridges items with different nets
    Rule: board setup solder mask min width; error
    @(201.6800 mm, 111.4450 mm): PTH pad 8 [unconnected-(J4-Pad8)] of J4
    @(202.7800 mm, 112.3350 mm): PTH pad 11 [LED1] of J4
[solder_mask_bridge]: Rear solder mask aperture bridges items with different nets
    Rule: board setup solder mask min width; error
    @(201.6800 mm, 111.4450 mm): PTH pad 8 [unconnected-(J4-Pad8)] of J4
    @(202.7800 mm, 112.3350 mm): PTH pad 11 [LED1] of J4
[solder_mask_bridge]: Front solder mask aperture bridges items with different nets
    Rule: board setup solder mask min width; error
    @(152.0260 mm, 104.7100 mm): Pad 1 [VCC] of C5 on F.Cu
    @(152.4700 mm, 104.7100 mm): Pad 2 [1V2] of C5 on F.Cu
[solder_mask_bridge]: Rear solder mask aperture bridges items with different nets
    Rule: board setup solder mask min width; error
    @(145.6660 mm, 104.7260 mm): Pad 1 [Net-(U1G-VCCIO8)] of C1 on B.Cu
    @(145.9800 mm, 105.0400 mm): Pad 2 [3V3] of C1 on B.Cu
[solder_mask_bridge]: Rear solder mask aperture bridges items with different nets
    Rule: board setup solder mask min width; error
    @(198.6600 mm, 112.8540 mm): Pad 1 [GND] of C4 on B.Cu
    @(198.6600 mm, 112.4100 mm): Pad 2 [Net-(U2-VDDCR)] of C4 on B.Cu
[solder_mask_bridge]: Front solder mask aperture bridges items with different nets
    Rule: board setup solder mask min width; error
    @(165.8539 mm, 131.1244 mm): Polygon of CR2 on F.Mask
    @(166.9642 mm, 129.8800 mm): Track [D1+] on F.Cu, length 2.8791 mm
[solder_mask_bridge]: Front solder mask aperture bridges items with different nets
    Rule: board setup solder mask min width; error
    @(186.6139 mm, 131.1044 mm): Polygon of U3 on F.Mask
    @(186.2500 mm, 134.1300 mm): Track [D1+] on F.Cu, length 0.7071 mm
[solder_mask_bridge]: Front solder mask aperture bridges items with different nets
    Rule: board setup solder mask min width; error
    @(196.7839 mm, 131.1044 mm): Polygon of CR1 on F.Mask
    @(196.3850 mm, 134.0000 mm): Track [D1+] on F.Cu, length 0.8910 mm
[invalid_outline]: Board has malformed outline (not a closed shape)
    Local override; error
    @(217.7500 mm, 117.8750 mm): Segment of J4 on Edge.Cuts
    @(217.7500 mm, 116.3250 mm): Segment of J4 on Edge.Cuts
[invalid_outline]: Board has malformed outline (not a closed shape)
    Local override; error
    @(217.7500 mm, 99.4250 mm): Segment of J4 on Edge.Cuts
    @(217.7500 mm, 99.4250 mm): Segment of J4 on Edge.Cuts
[drill_out_of_range]: Hole size out of range (board setup constraints min hole 0.3000 mm; actual 0.2000 mm)
    Rule: netclass 'Default'; error
    @(148.7000 mm, 100.5500 mm): Via [Net-(U1H-TDI)] on F.Cu - B.Cu
[drill_out_of_range]: Hole size out of range (board setup constraints min hole 0.3000 mm; actual 0.2000 mm)
    Rule: netclass 'Default'; error
    @(149.5000 mm, 100.5500 mm): Via [Net-(U1H-TMS)] on F.Cu - B.Cu
[drill_out_of_range]: Hole size out of range (board setup constraints min hole 0.3000 mm; actual 0.2000 mm)
    Rule: netclass 'Default'; error
    @(149.5000 mm, 101.3500 mm): Via [Net-(U1H-TCK)] on F.Cu - B.Cu
[drill_out_of_range]: Hole size out of range (board setup constraints min hole 0.3000 mm; actual 0.2000 mm)
    Rule: netclass 'Default'; error
    @(206.1500 mm, 78.7500 mm): Via [PT47B] on F.Cu - B.Cu
[drill_out_of_range]: Hole size out of range (board setup constraints min hole 0.3000 mm; actual 0.2000 mm)
    Rule: netclass 'Default'; error
    @(214.6200 mm, 73.9400 mm): Via [PT44A] on F.Cu - B.Cu
[drill_out_of_range]: Hole size out of range (board setup constraints min hole 0.3000 mm; actual 0.2000 mm)
    Rule: netclass 'Default'; error
    @(206.1500 mm, 79.8500 mm): Via [PT47A] on F.Cu - B.Cu
[drill_out_of_range]: Hole size out of range (board setup constraints min hole 0.3000 mm; actual 0.2000 mm)
    Rule: netclass 'Default'; error
    @(206.1500 mm, 82.0500 mm): Via [PT42B] on F.Cu - B.Cu
[drill_out_of_range]: Hole size out of range (board setup constraints min hole 0.3000 mm; actual 0.2000 mm)
    Rule: netclass 'Default'; error
    @(206.1500 mm, 86.4500 mm): Via [PT49A] on F.Cu - B.Cu
[drill_out_of_range]: Hole size out of range (board setup constraints min hole 0.3000 mm; actual 0.2000 mm)
    Rule: netclass 'Default'; error
    @(210.7500 mm, 83.2800 mm): Via [PT49A] on F.Cu - B.Cu
[drill_out_of_range]: Hole size out of range (board setup constraints min hole 0.3000 mm; actual 0.2000 mm)
    Rule: netclass 'Default'; error
    @(206.1500 mm, 84.2500 mm): Via [PT42A] on F.Cu - B.Cu
[drill_out_of_range]: Hole size out of range (board setup constraints min hole 0.3000 mm; actual 0.2000 mm)
    Rule: netclass 'Default'; error
    @(206.1500 mm, 85.3500 mm): Via [PT49B] on F.Cu - B.Cu
[drill_out_of_range]: Hole size out of range (board setup constraints min hole 0.3000 mm; actual 0.2000 mm)
    Rule: netclass 'Default'; error
    @(218.8500 mm, 85.0500 mm): Via [PT44A] on F.Cu - B.Cu
[drill_out_of_range]: Hole size out of range (board setup constraints min hole 0.3000 mm; actual 0.2000 mm)
    Rule: netclass 'Default'; error
    @(135.5700 mm, 102.7000 mm): Via [PT35A] on F.Cu - B.Cu
[drill_out_of_range]: Hole size out of range (board setup constraints min hole 0.3000 mm; actual 0.2000 mm)
    Rule: netclass 'Default'; error
    @(122.3200 mm, 132.6100 mm): Via [PT35B] on F.Cu - B.Cu
[drill_out_of_range]: Hole size out of range (board setup constraints min hole 0.3000 mm; actual 0.2000 mm)
    Rule: netclass 'Default'; error
    @(137.9900 mm, 132.8800 mm): Via [PT71A] on F.Cu - B.Cu
[drill_out_of_range]: Hole size out of range (board setup constraints min hole 0.3000 mm; actual 0.2000 mm)
    Rule: netclass 'Default'; error
    @(121.0500 mm, 101.4700 mm): Via [PT71A] on F.Cu - B.Cu
[drill_out_of_range]: Hole size out of range (board setup constraints min hole 0.3000 mm; actual 0.2000 mm)
    Rule: netclass 'Default'; error
    @(201.9500 mm, 116.7200 mm): Via [PT56B] on F.Cu - B.Cu
[drill_out_of_range]: Hole size out of range (board setup constraints min hole 0.3000 mm; actual 0.2000 mm)
    Rule: netclass 'Default'; error
    @(210.0900 mm, 121.5000 mm): Via [PT56B] on F.Cu - B.Cu
[drill_out_of_range]: Hole size out of range (board setup constraints min hole 0.3000 mm; actual 0.2000 mm)
    Rule: netclass 'Default'; error
    @(202.1000 mm, 116.2200 mm): Via [PT58A] on F.Cu - B.Cu
[drill_out_of_range]: Hole size out of range (board setup constraints min hole 0.3000 mm; actual 0.2000 mm)
    Rule: netclass 'Default'; error
    @(211.1200 mm, 121.4000 mm): Via [PT58A] on F.Cu - B.Cu
[drill_out_of_range]: Hole size out of range (board setup constraints min hole 0.3000 mm; actual 0.2000 mm)
    Rule: netclass 'Default'; error
    @(208.4700 mm, 117.0400 mm): Via [PT58B] on F.Cu - B.Cu
[drill_out_of_range]: Hole size out of range (board setup constraints min hole 0.3000 mm; actual 0.2000 mm)
    Rule: netclass 'Default'; error
    @(212.4100 mm, 121.6200 mm): Via [PT58B] on F.Cu - B.Cu
[drill_out_of_range]: Hole size out of range (board setup constraints min hole 0.3000 mm; actual 0.2000 mm)
    Rule: netclass 'Default'; error
    @(192.7400 mm, 109.6700 mm): Via [PT71A] on F.Cu - B.Cu
[drill_out_of_range]: Hole size out of range (board setup constraints min hole 0.3000 mm; actual 0.2000 mm)
    Rule: netclass 'Default'; error
    @(190.4600 mm, 107.7600 mm): Via [PT35A] on F.Cu - B.Cu
[drill_out_of_range]: Hole size out of range (board setup constraints min hole 0.3000 mm; actual 0.2000 mm)
    Rule: netclass 'Default'; error
    @(193.9934 mm, 107.5066 mm): Via [PT35B] on F.Cu - B.Cu
[drill_out_of_range]: Hole size out of range (board setup constraints min hole 0.3000 mm; actual 0.2000 mm)
    Rule: netclass 'Default'; error
    @(193.9934 mm, 108.5066 mm): Via [PT56A] on F.Cu - B.Cu
[drill_out_of_range]: Hole size out of range (board setup constraints min hole 0.3000 mm; actual 0.2000 mm)
    Rule: netclass 'Default'; error
    @(197.2500 mm, 110.7632 mm): Via [PT58B] on F.Cu - B.Cu
[drill_out_of_range]: Hole size out of range (board setup constraints min hole 0.3000 mm; actual 0.2000 mm)
    Rule: netclass 'Default'; error
    @(197.7500 mm, 113.3300 mm): Via [PT58A] on F.Cu - B.Cu
[drill_out_of_range]: Hole size out of range (board setup constraints min hole 0.3000 mm; actual 0.2000 mm)
    Rule: netclass 'Default'; error
    @(195.2900 mm, 111.6300 mm): Via [PT56B] on F.Cu - B.Cu
[drill_out_of_range]: Hole size out of range (board setup constraints min hole 0.3000 mm; actual 0.2000 mm)
    Rule: netclass 'Default'; error
    @(193.9934 mm, 110.0066 mm): Via [PT69A] on F.Cu - B.Cu
[drill_out_of_range]: Hole size out of range (board setup constraints min hole 0.3000 mm; actual 0.2000 mm)
    Rule: netclass 'Default'; error
    @(194.7500 mm, 110.7632 mm): Via [PT69B] on F.Cu - B.Cu
[drill_out_of_range]: Hole size out of range (board setup constraints min hole 0.3000 mm; actual 0.2000 mm)
    Rule: netclass 'Default'; error
    @(151.5300 mm, 104.9400 mm): Via [GND] on F.Cu - B.Cu
[drill_out_of_range]: Hole size out of range (board setup constraints min hole 0.3000 mm; actual 0.2000 mm)
    Rule: netclass 'Default'; error
    @(125.1500 mm, 98.7400 mm): Via [PT44B] on F.Cu - B.Cu
[drill_out_of_range]: Hole size out of range (board setup constraints min hole 0.3000 mm; actual 0.2000 mm)
    Rule: netclass 'Default'; error
    @(126.0700 mm, 83.3600 mm): Via [PT44B] on F.Cu - B.Cu
[drill_out_of_range]: Hole size out of range (board setup constraints min hole 0.3000 mm; actual 0.2000 mm)
    Rule: netclass 'Default'; error
    @(128.1400 mm, 46.4100 mm): Via [PT44B] on F.Cu - B.Cu
[drill_out_of_range]: Hole size out of range (board setup constraints min hole 0.3000 mm; actual 0.2000 mm)
    Rule: netclass 'Default'; error
    @(127.2200 mm, 43.0100 mm): Via [PT44B] on F.Cu - B.Cu
[drill_out_of_range]: Hole size out of range (board setup constraints min hole 0.3000 mm; actual 0.2000 mm)
    Rule: netclass 'Default'; error
    @(120.9000 mm, 39.9100 mm): Via [PT44B] on F.Cu - B.Cu
[drill_out_of_range]: Hole size out of range (board setup constraints min hole 0.3000 mm; actual 0.2000 mm)
    Rule: netclass 'Default'; error
    @(168.5500 mm, 45.2500 mm): Via [PT44B] on F.Cu - B.Cu
[drill_out_of_range]: Hole size out of range (board setup constraints min hole 0.3000 mm; actual 0.2000 mm)
    Rule: netclass 'Default'; error
    @(153.4550 mm, 103.0650 mm): Via [1V2] on F.Cu - B.Cu
[drill_out_of_range]: Hole size out of range (board setup constraints min hole 0.3000 mm; actual 0.2000 mm)
    Rule: netclass 'Default'; error
    @(153.4600 mm, 99.6200 mm): Via [1V2] on F.Cu - B.Cu
[drill_out_of_range]: Hole size out of range (board setup constraints min hole 0.3000 mm; actual 0.2000 mm)
    Rule: netclass 'Default'; error
    @(153.5000 mm, 95.8600 mm): Via [1V2] on F.Cu - B.Cu
[drill_out_of_range]: Hole size out of range (board setup constraints min hole 0.3000 mm; actual 0.2000 mm)
    Rule: netclass 'Default'; error
    @(154.4300 mm, 93.1000 mm): Via [1V2] on F.Cu - B.Cu
[drill_out_of_range]: Hole size out of range (board setup constraints min hole 0.3000 mm; actual 0.2000 mm)
    Rule: netclass 'Default'; error
    @(151.4900 mm, 58.3300 mm): Via [GND] on F.Cu - B.Cu
[drill_out_of_range]: Hole size out of range (board setup constraints min hole 0.3000 mm; actual 0.2000 mm)
    Rule: netclass 'Default'; error
    @(165.8700 mm, 110.3400 mm): Via [1V2] on F.Cu - B.Cu
[drill_out_of_range]: Hole size out of range (board setup constraints min hole 0.3000 mm; actual 0.2000 mm)
    Rule: netclass 'Default'; error
    @(170.2600 mm, 92.3400 mm): Via [3V3] on F.Cu - B.Cu
[drill_out_of_range]: Hole size out of range (board setup constraints min hole 0.3000 mm; actual 0.2000 mm)
    Rule: netclass 'Default'; error
    @(169.2000 mm, 100.0000 mm): Via [3V3] on F.Cu - B.Cu
[drill_out_of_range]: Hole size out of range (board setup constraints min hole 0.3000 mm; actual 0.2000 mm)
    Rule: netclass 'Default'; error
    @(155.7500 mm, 65.1200 mm): Via [Net-(D2-Pad2)] on F.Cu - B.Cu
[drill_out_of_range]: Hole size out of range (board setup constraints min hole 0.3000 mm; actual 0.2000 mm)
    Rule: netclass 'Default'; error
    @(145.9200 mm, 97.7700 mm): Via [Net-(U1G-~{INIT})] on F.Cu - B.Cu
[drill_out_of_range]: Hole size out of range (board setup constraints min hole 0.3000 mm; actual 0.2000 mm)
    Rule: netclass 'Default'; error
    @(179.3100 mm, 134.6800 mm): Via [1V8] on F.Cu - B.Cu
[drill_out_of_range]: Hole size out of range (board setup constraints min hole 0.3000 mm; actual 0.2000 mm)
    Rule: netclass 'Default'; error
    @(179.3400 mm, 136.2600 mm): Via [1V8] on F.Cu - B.Cu
[drill_out_of_range]: Hole size out of range (board setup constraints min hole 0.3000 mm; actual 0.2000 mm)
    Rule: netclass 'Default'; error
    @(147.1500 mm, 135.9900 mm): Via [1V8] on F.Cu - B.Cu
[drill_out_of_range]: Hole size out of range (board setup constraints min hole 0.3000 mm; actual 0.2000 mm)
    Rule: netclass 'Default'; error
    @(143.3300 mm, 135.9900 mm): Via [1V8] on F.Cu - B.Cu
[drill_out_of_range]: Hole size out of range (board setup constraints min hole 0.3000 mm; actual 0.2000 mm)
    Rule: netclass 'Default'; error
    @(123.8100 mm, 131.2100 mm): Via [1V8] on F.Cu - B.Cu
[drill_out_of_range]: Hole size out of range (board setup constraints min hole 0.3000 mm; actual 0.2000 mm)
    Rule: netclass 'Default'; error
    @(132.0400 mm, 114.0000 mm): Via [PL35D] on F.Cu - B.Cu
[drill_out_of_range]: Hole size out of range (board setup constraints min hole 0.3000 mm; actual 0.2000 mm)
    Rule: netclass 'Default'; error
    @(139.5200 mm, 110.1500 mm): Via [PL35D] on F.Cu - B.Cu
[drill_out_of_range]: Hole size out of range (board setup constraints min hole 0.3000 mm; actual 0.2000 mm)
    Rule: netclass 'Default'; error
    @(143.5400 mm, 109.4700 mm): Via [PL35D] on F.Cu - B.Cu
[drill_out_of_range]: Hole size out of range (board setup constraints min hole 0.3000 mm; actual 0.2000 mm)
    Rule: netclass 'Default'; error
    @(146.3000 mm, 109.6588 mm): Via [PL35D] on F.Cu - B.Cu
[drill_out_of_range]: Hole size out of range (board setup constraints min hole 0.3000 mm; actual 0.2000 mm)
    Rule: netclass 'Default'; error
    @(136.9400 mm, 105.6800 mm): Via [VCCAUX] on F.Cu - B.Cu
[drill_out_of_range]: Hole size out of range (board setup constraints min hole 0.3000 mm; actual 0.2000 mm)
    Rule: netclass 'Default'; error
    @(144.4900 mm, 115.0000 mm): Via [1V8] on F.Cu - B.Cu
[drill_out_of_range]: Hole size out of range (board setup constraints min hole 0.3000 mm; actual 0.2000 mm)
    Rule: netclass 'Default'; error
    @(198.6600 mm, 112.8800 mm): Via [GND] on F.Cu - B.Cu
[drill_out_of_range]: Hole size out of range (board setup constraints min hole 0.3000 mm; actual 0.2000 mm)
    Rule: netclass 'Default'; error
    @(197.1000 mm, 112.7400 mm): Via [GND] on F.Cu - B.Cu
[drill_out_of_range]: Hole size out of range (board setup constraints min hole 0.3000 mm; actual 0.2000 mm)
    Rule: netclass 'Default'; error
    @(196.2500 mm, 110.7632 mm): Via [3V3] on F.Cu - B.Cu
[drill_out_of_range]: Hole size out of range (board setup constraints min hole 0.3000 mm; actual 0.2000 mm)
    Rule: netclass 'Default'; error
    @(194.7500 mm, 106.7500 mm): Via [3V3] on F.Cu - B.Cu
[drill_out_of_range]: Hole size out of range (board setup constraints min hole 0.3000 mm; actual 0.2000 mm)
    Rule: netclass 'Default'; error
    @(198.0066 mm, 107.5066 mm): Via [3V3] on F.Cu - B.Cu
[drill_out_of_range]: Hole size out of range (board setup constraints min hole 0.3000 mm; actual 0.2000 mm)
    Rule: netclass 'Default'; error
    @(147.9000 mm, 102.1500 mm): Via [Net-(U1G-DONE)] on F.Cu - B.Cu
[drill_out_of_range]: Hole size out of range (board setup constraints min hole 0.3000 mm; actual 0.2000 mm)
    Rule: netclass 'Default'; error
    @(150.3900 mm, 102.1500 mm): Via [Net-(U1G-DONE)] on F.Cu - B.Cu
[drill_out_of_range]: Hole size out of range (board setup constraints min hole 0.3000 mm; actual 0.2000 mm)
    Rule: netclass 'Default'; error
    @(155.6000 mm, 102.1000 mm): Via [Net-(U1G-DONE)] on F.Cu - B.Cu
[drill_out_of_range]: Hole size out of range (board setup constraints min hole 0.3000 mm; actual 0.2000 mm)
    Rule: netclass 'Default'; error
    @(143.1000 mm, 108.5500 mm): Via [GND] on F.Cu - B.Cu
[drill_out_of_range]: Hole size out of range (board setup constraints min hole 0.3000 mm; actual 0.2000 mm)
    Rule: netclass 'Default'; error
    @(147.1000 mm, 107.7500 mm): Via [GND] on F.Cu - B.Cu
[drill_out_of_range]: Hole size out of range (board setup constraints min hole 0.3000 mm; actual 0.2000 mm)
    Rule: netclass 'Default'; error
    @(127.4700 mm, 92.5800 mm): Via [GND] on F.Cu - B.Cu
[drill_out_of_range]: Hole size out of range (board setup constraints min hole 0.3000 mm; actual 0.2000 mm)
    Rule: netclass 'Default'; error
    @(149.5000 mm, 105.3500 mm): Via [GND] on F.Cu - B.Cu
[drill_out_of_range]: Hole size out of range (board setup constraints min hole 0.3000 mm; actual 0.2000 mm)
    Rule: netclass 'Default'; error
    @(201.2800 mm, 118.0300 mm): Via [GND] on F.Cu - B.Cu
[drill_out_of_range]: Hole size out of range (board setup constraints min hole 0.3000 mm; actual 0.2000 mm)
    Rule: netclass 'Default'; error
    @(144.7000 mm, 103.7500 mm): Via [GND] on F.Cu - B.Cu
[drill_out_of_range]: Hole size out of range (board setup constraints min hole 0.3000 mm; actual 0.2000 mm)
    Rule: netclass 'Default'; error
    @(207.9600 mm, 135.0300 mm): Via [GND] on F.Cu - B.Cu
[drill_out_of_range]: Hole size out of range (board setup constraints min hole 0.3000 mm; actual 0.2000 mm)
    Rule: netclass 'Default'; error
    @(215.2325 mm, 129.7269 mm): Via [GND] on F.Cu - B.Cu
[drill_out_of_range]: Hole size out of range (board setup constraints min hole 0.3000 mm; actual 0.2000 mm)
    Rule: netclass 'Default'; error
    @(148.2500 mm, 130.3150 mm): Via [GND] on F.Cu - B.Cu
[drill_out_of_range]: Hole size out of range (board setup constraints min hole 0.3000 mm; actual 0.2000 mm)
    Rule: netclass 'Default'; error
    @(144.7000 mm, 104.5500 mm): Via [GND] on F.Cu - B.Cu
[drill_out_of_range]: Hole size out of range (board setup constraints min hole 0.3000 mm; actual 0.2000 mm)
    Rule: netclass 'Default'; error
    @(149.5000 mm, 108.5500 mm): Via [GND] on F.Cu - B.Cu
[drill_out_of_range]: Hole size out of range (board setup constraints min hole 0.3000 mm; actual 0.2000 mm)
    Rule: netclass 'Default'; error
    @(143.9000 mm, 104.5500 mm): Via [1V8] on F.Cu - B.Cu
[drill_out_of_range]: Hole size out of range (board setup constraints min hole 0.3000 mm; actual 0.2000 mm)
    Rule: netclass 'Default'; error
    @(146.3000 mm, 107.7500 mm): Via [PL35D] on F.Cu - B.Cu
[drill_out_of_range]: Hole size out of range (board setup constraints min hole 0.3000 mm; actual 0.2000 mm)
    Rule: netclass 'Default'; error
    @(150.1850 mm, 129.0650 mm): Via [Net-(U5-VDD)] on F.Cu - B.Cu
[drill_out_of_range]: Hole size out of range (board setup constraints min hole 0.3000 mm; actual 0.2000 mm)
    Rule: netclass 'Default'; error
    @(148.5000 mm, 128.3800 mm): Via [Net-(U5-~{RST})] on F.Cu - B.Cu
[drill_out_of_range]: Hole size out of range (board setup constraints min hole 0.3000 mm; actual 0.2000 mm)
    Rule: netclass 'Default'; error
    @(141.5000 mm, 103.7500 mm): Via [3V3] on F.Cu - B.Cu
[drill_out_of_range]: Hole size out of range (board setup constraints min hole 0.3000 mm; actual 0.2000 mm)
    Rule: netclass 'Default'; error
    @(168.8520 mm, 90.2226 mm): Via [3V3] on F.Cu - B.Cu
[drill_out_of_range]: Hole size out of range (board setup constraints min hole 0.3000 mm; actual 0.2000 mm)
    Rule: netclass 'Default'; error
    @(146.6900 mm, 99.3300 mm): Via [3V3] on F.Cu - B.Cu
[drill_out_of_range]: Hole size out of range (board setup constraints min hole 0.3000 mm; actual 0.2000 mm)
    Rule: netclass 'Default'; error
    @(141.5000 mm, 104.5500 mm): Via [3V3] on F.Cu - B.Cu
[drill_out_of_range]: Hole size out of range (board setup constraints min hole 0.3000 mm; actual 0.2000 mm)
    Rule: netclass 'Default'; error
    @(141.5000 mm, 101.3500 mm): Via [3V3] on F.Cu - B.Cu
[drill_out_of_range]: Hole size out of range (board setup constraints min hole 0.3000 mm; actual 0.2000 mm)
    Rule: netclass 'Default'; error
    @(141.5000 mm, 100.5500 mm): Via [3V3] on F.Cu - B.Cu
[drill_out_of_range]: Hole size out of range (board setup constraints min hole 0.3000 mm; actual 0.2000 mm)
    Rule: netclass 'Default'; error
    @(135.6000 mm, 115.6900 mm): Via [3V3] on F.Cu - B.Cu
[drill_out_of_range]: Hole size out of range (board setup constraints min hole 0.3000 mm; actual 0.2000 mm)
    Rule: netclass 'Default'; error
    @(151.2700 mm, 98.6900 mm): Via [3V3] on F.Cu - B.Cu
[drill_out_of_range]: Hole size out of range (board setup constraints min hole 0.3000 mm; actual 0.2000 mm)
    Rule: netclass 'Default'; error
    @(150.2500 mm, 111.7400 mm): Via [PL38A] on F.Cu - B.Cu
[drill_out_of_range]: Hole size out of range (board setup constraints min hole 0.3000 mm; actual 0.2000 mm)
    Rule: netclass 'Default'; error
    @(146.4000 mm, 112.5500 mm): Via [PL41C] on F.Cu - B.Cu
[drill_out_of_range]: Hole size out of range (board setup constraints min hole 0.3000 mm; actual 0.2000 mm)
    Rule: netclass 'Default'; error
    @(145.5000 mm, 106.9500 mm): Via [PL41C] on F.Cu - B.Cu
[drill_out_of_range]: Hole size out of range (board setup constraints min hole 0.3000 mm; actual 0.2000 mm)
    Rule: netclass 'Default'; error
    @(145.5900 mm, 113.3200 mm): Via [PL41C] on F.Cu - B.Cu
[drill_out_of_range]: Hole size out of range (board setup constraints min hole 0.3000 mm; actual 0.2000 mm)
    Rule: netclass 'Default'; error
    @(145.6100 mm, 114.8000 mm): Via [PL41B] on F.Cu - B.Cu
[drill_out_of_range]: Hole size out of range (board setup constraints min hole 0.3000 mm; actual 0.2000 mm)
    Rule: netclass 'Default'; error
    @(147.9000 mm, 107.7500 mm): Via [PL41B] on F.Cu - B.Cu
[drill_out_of_range]: Hole size out of range (board setup constraints min hole 0.3000 mm; actual 0.2000 mm)
    Rule: netclass 'Default'; error
    @(143.6600 mm, 110.0800 mm): Via [PL41B] on F.Cu - B.Cu
[drill_out_of_range]: Hole size out of range (board setup constraints min hole 0.3000 mm; actual 0.2000 mm)
    Rule: netclass 'Default'; error
    @(146.6600 mm, 110.0200 mm): Via [PL41B] on F.Cu - B.Cu
[drill_out_of_range]: Hole size out of range (board setup constraints min hole 0.3000 mm; actual 0.2000 mm)
    Rule: netclass 'Default'; error
    @(147.1000 mm, 108.5500 mm): Via [PL41A] on F.Cu - B.Cu
[drill_out_of_range]: Hole size out of range (board setup constraints min hole 0.3000 mm; actual 0.2000 mm)
    Rule: netclass 'Default'; error
    @(149.2500 mm, 109.2200 mm): Via [PL41A] on F.Cu - B.Cu
[drill_out_of_range]: Hole size out of range (board setup constraints min hole 0.3000 mm; actual 0.2000 mm)
    Rule: netclass 'Default'; error
    @(146.3000 mm, 106.9500 mm): Via [PL41D] on F.Cu - B.Cu
[drill_out_of_range]: Hole size out of range (board setup constraints min hole 0.3000 mm; actual 0.2000 mm)
    Rule: netclass 'Default'; error
    @(147.9000 mm, 108.5500 mm): Via [PL44A] on F.Cu - B.Cu
[drill_out_of_range]: Hole size out of range (board setup constraints min hole 0.3000 mm; actual 0.2000 mm)
    Rule: netclass 'Default'; error
    @(147.1000 mm, 106.9500 mm): Via [PL44D] on F.Cu - B.Cu
[drill_out_of_range]: Hole size out of range (board setup constraints min hole 0.3000 mm; actual 0.2000 mm)
    Rule: netclass 'Default'; error
    @(156.1200 mm, 109.4700 mm): Via [PL44C] on F.Cu - B.Cu
[drill_out_of_range]: Hole size out of range (board setup constraints min hole 0.3000 mm; actual 0.2000 mm)
    Rule: netclass 'Default'; error
    @(148.7000 mm, 108.5500 mm): Via [PL44B] on F.Cu - B.Cu
[drill_out_of_range]: Hole size out of range (board setup constraints min hole 0.3000 mm; actual 0.2000 mm)
    Rule: netclass 'Default'; error
    @(147.9000 mm, 106.9500 mm): Via [PL59B] on F.Cu - B.Cu
[drill_out_of_range]: Hole size out of range (board setup constraints min hole 0.3000 mm; actual 0.2000 mm)
    Rule: netclass 'Default'; error
    @(149.5000 mm, 107.7500 mm): Via [PL59D] on F.Cu - B.Cu
[drill_out_of_range]: Hole size out of range (board setup constraints min hole 0.3000 mm; actual 0.2000 mm)
    Rule: netclass 'Default'; error
    @(144.7000 mm, 105.3500 mm): Via [PL38B] on F.Cu - B.Cu
[drill_out_of_range]: Hole size out of range (board setup constraints min hole 0.3000 mm; actual 0.2000 mm)
    Rule: netclass 'Default'; error
    @(145.6300 mm, 114.1800 mm): Via [PL38B] on F.Cu - B.Cu
[drill_out_of_range]: Hole size out of range (board setup constraints min hole 0.3000 mm; actual 0.2000 mm)
    Rule: netclass 'Default'; error
    @(147.1000 mm, 106.1500 mm): Via [PL59A] on F.Cu - B.Cu
[drill_out_of_range]: Hole size out of range (board setup constraints min hole 0.3000 mm; actual 0.2000 mm)
    Rule: netclass 'Default'; error
    @(148.7000 mm, 107.7500 mm): Via [PL59C] on F.Cu - B.Cu
[drill_out_of_range]: Hole size out of range (board setup constraints min hole 0.3000 mm; actual 0.2000 mm)
    Rule: netclass 'Default'; error
    @(148.7000 mm, 106.9500 mm): Via [PL62B] on F.Cu - B.Cu
[drill_out_of_range]: Hole size out of range (board setup constraints min hole 0.3000 mm; actual 0.2000 mm)
    Rule: netclass 'Default'; error
    @(149.5000 mm, 106.9500 mm): Via [PL62D] on F.Cu - B.Cu
[drill_out_of_range]: Hole size out of range (board setup constraints min hole 0.3000 mm; actual 0.2000 mm)
    Rule: netclass 'Default'; error
    @(147.9000 mm, 106.1500 mm): Via [PL62A] on F.Cu - B.Cu
[drill_out_of_range]: Hole size out of range (board setup constraints min hole 0.3000 mm; actual 0.2000 mm)
    Rule: netclass 'Default'; error
    @(148.7000 mm, 106.1500 mm): Via [PL62C] on F.Cu - B.Cu
[drill_out_of_range]: Hole size out of range (board setup constraints min hole 0.3000 mm; actual 0.2000 mm)
    Rule: netclass 'Default'; error
    @(142.3000 mm, 100.5500 mm): Via [VCCAUX] on F.Cu - B.Cu
[drill_out_of_range]: Hole size out of range (board setup constraints min hole 0.3000 mm; actual 0.2000 mm)
    Rule: netclass 'Default'; error
    @(139.9000 mm, 102.1500 mm): Via [PT49A] on F.Cu - B.Cu
[drill_out_of_range]: Hole size out of range (board setup constraints min hole 0.3000 mm; actual 0.2000 mm)
    Rule: netclass 'Default'; error
    @(140.7000 mm, 102.1500 mm): Via [PT49B] on F.Cu - B.Cu
[drill_out_of_range]: Hole size out of range (board setup constraints min hole 0.3000 mm; actual 0.2000 mm)
    Rule: netclass 'Default'; error
    @(140.7000 mm, 102.9500 mm): Via [PT42A] on F.Cu - B.Cu
[drill_out_of_range]: Hole size out of range (board setup constraints min hole 0.3000 mm; actual 0.2000 mm)
    Rule: netclass 'Default'; error
    @(139.9000 mm, 102.9500 mm): Via [PT42B] on F.Cu - B.Cu
[drill_out_of_range]: Hole size out of range (board setup constraints min hole 0.3000 mm; actual 0.2000 mm)
    Rule: netclass 'Default'; error
    @(138.3000 mm, 102.1500 mm): Via [PT47A] on F.Cu - B.Cu
[drill_out_of_range]: Hole size out of range (board setup constraints min hole 0.3000 mm; actual 0.2000 mm)
    Rule: netclass 'Default'; error
    @(139.1000 mm, 102.1500 mm): Via [PT47B] on F.Cu - B.Cu
[drill_out_of_range]: Hole size out of range (board setup constraints min hole 0.3000 mm; actual 0.2000 mm)
    Rule: netclass 'Default'; error
    @(139.1000 mm, 102.9500 mm): Via [PT44A] on F.Cu - B.Cu
[drill_out_of_range]: Hole size out of range (board setup constraints min hole 0.3000 mm; actual 0.2000 mm)
    Rule: netclass 'Default'; error
    @(209.0188 mm, 134.2700 mm): Via [Net-(J2-CC1)] on F.Cu - B.Cu
[drill_out_of_range]: Hole size out of range (board setup constraints min hole 0.3000 mm; actual 0.2000 mm)
    Rule: netclass 'Default'; error
    @(215.2325 mm, 130.8445 mm): Via [Net-(J2-CC2)] on F.Cu - B.Cu
[drill_out_of_range]: Hole size out of range (board setup constraints min hole 0.3000 mm; actual 0.2000 mm)
    Rule: netclass 'Default'; error
    @(146.3000 mm, 101.3500 mm): Via [Net-(U1H-TDO)] on F.Cu - B.Cu
[drill_out_of_range]: Hole size out of range (board setup constraints min hole 0.3000 mm; actual 0.2000 mm)
    Rule: netclass 'Default'; error
    @(165.0800 mm, 105.7900 mm): Via [PROGRAM] on F.Cu - B.Cu
[drill_out_of_range]: Hole size out of range (board setup constraints min hole 0.3000 mm; actual 0.2000 mm)
    Rule: netclass 'Default'; error
    @(133.6400 mm, 102.7100 mm): Via [Net-(U1A-PT13B)] on F.Cu - B.Cu
[drill_out_of_range]: Hole size out of range (board setup constraints min hole 0.3000 mm; actual 0.2000 mm)
    Rule: netclass 'Default'; error
    @(134.5600 mm, 102.6600 mm): Via [Net-(U1A-PT13A)] on F.Cu - B.Cu
[drill_out_of_range]: Hole size out of range (board setup constraints min hole 0.3000 mm; actual 0.2000 mm)
    Rule: netclass 'Default'; error
    @(138.3000 mm, 102.9500 mm): Via [PT44B] on F.Cu - B.Cu
[drill_out_of_range]: Hole size out of range (board setup constraints min hole 0.3000 mm; actual 0.2000 mm)
    Rule: netclass 'Default'; error
    @(199.4000 mm, 111.2200 mm): Via [Net-(U2-XTAL2)] on F.Cu - B.Cu
[drill_out_of_range]: Hole size out of range (board setup constraints min hole 0.3000 mm; actual 0.2000 mm)
    Rule: netclass 'Default'; error
    @(198.0066 mm, 109.0066 mm): Via [Net-(U2-XTAL2)] on F.Cu - B.Cu
[drill_out_of_range]: Hole size out of range (board setup constraints min hole 0.3000 mm; actual 0.2000 mm)
    Rule: netclass 'Default'; error
    @(198.9285 mm, 121.0885 mm): Via [Net-(U2-XTAL2)] on F.Cu - B.Cu
[drill_out_of_range]: Hole size out of range (board setup constraints min hole 0.3000 mm; actual 0.2000 mm)
    Rule: netclass 'Default'; error
    @(161.5622 mm, 90.2226 mm): Via [CCLK] on F.Cu - B.Cu
[drill_out_of_range]: Hole size out of range (board setup constraints min hole 0.3000 mm; actual 0.2000 mm)
    Rule: netclass 'Default'; error
    @(147.1000 mm, 102.1500 mm): Via [CCLK] on F.Cu - B.Cu
[drill_out_of_range]: Hole size out of range (board setup constraints min hole 0.3000 mm; actual 0.2000 mm)
    Rule: netclass 'Default'; error
    @(161.5622 mm, 91.4926 mm): Via [MISO] on F.Cu - B.Cu
[drill_out_of_range]: Hole size out of range (board setup constraints min hole 0.3000 mm; actual 0.2000 mm)
    Rule: netclass 'Default'; error
    @(156.2300 mm, 103.6400 mm): Via [MISO] on F.Cu - B.Cu
[drill_out_of_range]: Hole size out of range (board setup constraints min hole 0.3000 mm; actual 0.2000 mm)
    Rule: netclass 'Default'; error
    @(161.5622 mm, 92.7626 mm): Via [Net-(U7-/WP(IO2))] on F.Cu - B.Cu
[drill_out_of_range]: Hole size out of range (board setup constraints min hole 0.3000 mm; actual 0.2000 mm)
    Rule: netclass 'Default'; error
    @(165.9300 mm, 101.8000 mm): Via [MOSI] on F.Cu - B.Cu
[drill_out_of_range]: Hole size out of range (board setup constraints min hole 0.3000 mm; actual 0.2000 mm)
    Rule: netclass 'Default'; error
    @(149.5000 mm, 102.9500 mm): Via [MOSI] on F.Cu - B.Cu
[drill_out_of_range]: Hole size out of range (board setup constraints min hole 0.3000 mm; actual 0.2000 mm)
    Rule: netclass 'Default'; error
    @(129.7100 mm, 44.8200 mm): Via [Net-(U1C-PR20D)] on F.Cu - B.Cu
[drill_out_of_range]: Hole size out of range (board setup constraints min hole 0.3000 mm; actual 0.2000 mm)
    Rule: netclass 'Default'; error
    @(140.7000 mm, 96.5500 mm): Via [Net-(U1C-PR20D)] on F.Cu - B.Cu
[drill_out_of_range]: Hole size out of range (board setup constraints min hole 0.3000 mm; actual 0.2000 mm)
    Rule: netclass 'Default'; error
    @(125.4700 mm, 77.3600 mm): Via [Net-(U1C-PR20D)] on F.Cu - B.Cu
[drill_out_of_range]: Hole size out of range (board setup constraints min hole 0.3000 mm; actual 0.2000 mm)
    Rule: netclass 'Default'; error
    @(137.8100 mm, 93.8400 mm): Via [Net-(U1C-PR20C)] on F.Cu - B.Cu
[drill_out_of_range]: Hole size out of range (board setup constraints min hole 0.3000 mm; actual 0.2000 mm)
    Rule: netclass 'Default'; error
    @(141.5000 mm, 97.3500 mm): Via [Net-(U1C-PR20C)] on F.Cu - B.Cu
[drill_out_of_range]: Hole size out of range (board setup constraints min hole 0.3000 mm; actual 0.2000 mm)
    Rule: netclass 'Default'; error
    @(142.3000 mm, 98.9500 mm): Via [Net-(U1C-PR20B)] on F.Cu - B.Cu
[drill_out_of_range]: Hole size out of range (board setup constraints min hole 0.3000 mm; actual 0.2000 mm)
    Rule: netclass 'Default'; error
    @(142.3000 mm, 99.7500 mm): Via [Net-(U1C-PR20A)] on F.Cu - B.Cu
[drill_out_of_range]: Hole size out of range (board setup constraints min hole 0.3000 mm; actual 0.2000 mm)
    Rule: netclass 'Default'; error
    @(135.8600 mm, 99.7900 mm): Via [Net-(U1C-PR20A)] on F.Cu - B.Cu
[drill_out_of_range]: Hole size out of range (board setup constraints min hole 0.3000 mm; actual 0.2000 mm)
    Rule: netclass 'Default'; error
    @(127.3000 mm, 98.5600 mm): Via [Net-(U1C-PR20A)] on F.Cu - B.Cu
[drill_out_of_range]: Hole size out of range (board setup constraints min hole 0.3000 mm; actual 0.2000 mm)
    Rule: netclass 'Default'; error
    @(126.8800 mm, 84.1100 mm): Via [Net-(U1C-PR20A)] on F.Cu - B.Cu
[drill_out_of_range]: Hole size out of range (board setup constraints min hole 0.3000 mm; actual 0.2000 mm)
    Rule: netclass 'Default'; error
    @(128.8300 mm, 77.0100 mm): Via [Net-(U1C-PR20A)] on F.Cu - B.Cu
[drill_out_of_range]: Hole size out of range (board setup constraints min hole 0.3000 mm; actual 0.2000 mm)
    Rule: netclass 'Default'; error
    @(130.3000 mm, 100.2500 mm): Via [Net-(U1C-PR20A)] on F.Cu - B.Cu
[drill_out_of_range]: Hole size out of range (board setup constraints min hole 0.3000 mm; actual 0.2000 mm)
    Rule: netclass 'Default'; error
    @(141.1100 mm, 97.7500 mm): Via [Net-(U1C-PR17D)] on F.Cu - B.Cu
[drill_out_of_range]: Hole size out of range (board setup constraints min hole 0.3000 mm; actual 0.2000 mm)
    Rule: netclass 'Default'; error
    @(141.1100 mm, 95.8700 mm): Via [Net-(U1C-PR17D)] on F.Cu - B.Cu
[drill_out_of_range]: Hole size out of range (board setup constraints min hole 0.3000 mm; actual 0.2000 mm)
    Rule: netclass 'Default'; error
    @(141.5000 mm, 99.7500 mm): Via [Net-(U1C-PR17D)] on F.Cu - B.Cu
[drill_out_of_range]: Hole size out of range (board setup constraints min hole 0.3000 mm; actual 0.2000 mm)
    Rule: netclass 'Default'; error
    @(141.5000 mm, 98.9500 mm): Via [Net-(U1C-PR17C)] on F.Cu - B.Cu
[drill_out_of_range]: Hole size out of range (board setup constraints min hole 0.3000 mm; actual 0.2000 mm)
    Rule: netclass 'Default'; error
    @(140.7000 mm, 97.3500 mm): Via [Net-(U1C-PR17B)] on F.Cu - B.Cu
[drill_out_of_range]: Hole size out of range (board setup constraints min hole 0.3000 mm; actual 0.2000 mm)
    Rule: netclass 'Default'; error
    @(140.3500 mm, 95.0100 mm): Via [Net-(U1C-PR17B)] on F.Cu - B.Cu
[drill_out_of_range]: Hole size out of range (board setup constraints min hole 0.3000 mm; actual 0.2000 mm)
    Rule: netclass 'Default'; error
    @(139.9000 mm, 96.5500 mm): Via [Net-(U1C-PR17A)] on F.Cu - B.Cu
[drill_out_of_range]: Hole size out of range (board setup constraints min hole 0.3000 mm; actual 0.2000 mm)
    Rule: netclass 'Default'; error
    @(123.4600 mm, 84.0700 mm): Via [Net-(U1C-PR14D)] on F.Cu - B.Cu
[drill_out_of_range]: Hole size out of range (board setup constraints min hole 0.3000 mm; actual 0.2000 mm)
    Rule: netclass 'Default'; error
    @(141.5000 mm, 98.1500 mm): Via [Net-(U1C-PR14D)] on F.Cu - B.Cu
[drill_out_of_range]: Hole size out of range (board setup constraints min hole 0.3000 mm; actual 0.2000 mm)
    Rule: netclass 'Default'; error
    @(140.7000 mm, 98.1500 mm): Via [Net-(U1C-PR14C)] on F.Cu - B.Cu
[drill_out_of_range]: Hole size out of range (board setup constraints min hole 0.3000 mm; actual 0.2000 mm)
    Rule: netclass 'Default'; error
    @(139.1000 mm, 97.3500 mm): Via [Net-(U1C-PR14B)] on F.Cu - B.Cu
[drill_out_of_range]: Hole size out of range (board setup constraints min hole 0.3000 mm; actual 0.2000 mm)
    Rule: netclass 'Default'; error
    @(139.1000 mm, 96.5500 mm): Via [Net-(U1C-PR14A)] on F.Cu - B.Cu
[drill_out_of_range]: Hole size out of range (board setup constraints min hole 0.3000 mm; actual 0.2000 mm)
    Rule: netclass 'Default'; error
    @(139.9000 mm, 98.1500 mm): Via [Net-(U1C-PR11D)] on F.Cu - B.Cu
[drill_out_of_range]: Hole size out of range (board setup constraints min hole 0.3000 mm; actual 0.2000 mm)
    Rule: netclass 'Default'; error
    @(138.3000 mm, 97.3500 mm): Via [Net-(U1C-PR11B)] on F.Cu - B.Cu
[drill_out_of_range]: Hole size out of range (board setup constraints min hole 0.3000 mm; actual 0.2000 mm)
    Rule: netclass 'Default'; error
    @(138.3000 mm, 96.5500 mm): Via [Net-(U1C-PR11A)] on F.Cu - B.Cu
[drill_out_of_range]: Hole size out of range (board setup constraints min hole 0.3000 mm; actual 0.2000 mm)
    Rule: netclass 'Default'; error
    @(196.5205 mm, 121.0885 mm): Via [Net-(U2-XTAL1/CLKIN)] on F.Cu - B.Cu
[drill_out_of_range]: Hole size out of range (board setup constraints min hole 0.3000 mm; actual 0.2000 mm)
    Rule: netclass 'Default'; error
    @(138.3000 mm, 106.1500 mm): Via [Net-(U1A-PT11B)] on F.Cu - B.Cu
[drill_out_of_range]: Hole size out of range (board setup constraints min hole 0.3000 mm; actual 0.2000 mm)
    Rule: netclass 'Default'; error
    @(139.1000 mm, 106.1500 mm): Via [Net-(U1A-PT11A)] on F.Cu - B.Cu
[drill_out_of_range]: Hole size out of range (board setup constraints min hole 0.3000 mm; actual 0.2000 mm)
    Rule: netclass 'Default'; error
    @(145.5000 mm, 104.5500 mm): Via [Net-(U1G-VCCIO8)] on F.Cu - B.Cu
[drill_out_of_range]: Hole size out of range (board setup constraints min hole 0.3000 mm; actual 0.2000 mm)
    Rule: netclass 'Default'; error
    @(145.5000 mm, 101.3500 mm): Via [VCC] on F.Cu - B.Cu
[drill_out_of_range]: Hole size out of range (board setup constraints min hole 0.3000 mm; actual 0.2000 mm)
    Rule: netclass 'Default'; error
    @(142.3000 mm, 102.1500 mm): Via [VCC] on F.Cu - B.Cu
[drill_out_of_range]: Hole size out of range (board setup constraints min hole 0.3000 mm; actual 0.2000 mm)
    Rule: netclass 'Default'; error
    @(142.3000 mm, 104.5500 mm): Via [VCC] on F.Cu - B.Cu
[drill_out_of_range]: Hole size out of range (board setup constraints min hole 0.3000 mm; actual 0.2000 mm)
    Rule: netclass 'Default'; error
    @(142.3000 mm, 103.7500 mm): Via [VCC] on F.Cu - B.Cu
[drill_out_of_range]: Hole size out of range (board setup constraints min hole 0.3000 mm; actual 0.2000 mm)
    Rule: netclass 'Default'; error
    @(156.4200 mm, 98.0900 mm): Via [CFG_0] on F.Cu - B.Cu
[drill_out_of_range]: Hole size out of range (board setup constraints min hole 0.3000 mm; actual 0.2000 mm)
    Rule: netclass 'Default'; error
    @(143.9000 mm, 97.3500 mm): Via [Net-(U1C-PR32B)] on F.Cu - B.Cu
[drill_out_of_range]: Hole size out of range (board setup constraints min hole 0.3000 mm; actual 0.2000 mm)
    Rule: netclass 'Default'; error
    @(144.7000 mm, 96.5500 mm): Via [Net-(U1C-PR32C)] on F.Cu - B.Cu
[drill_out_of_range]: Hole size out of range (board setup constraints min hole 0.3000 mm; actual 0.2000 mm)
    Rule: netclass 'Default'; error
    @(144.7000 mm, 97.3500 mm): Via [Net-(U1C-PR32D)] on F.Cu - B.Cu
[drill_out_of_range]: Hole size out of range (board setup constraints min hole 0.3000 mm; actual 0.2000 mm)
    Rule: netclass 'Default'; error
    @(156.4200 mm, 100.6300 mm): Via [CFG_2] on F.Cu - B.Cu
[drill_out_of_range]: Hole size out of range (board setup constraints min hole 0.3000 mm; actual 0.2000 mm)
    Rule: netclass 'Default'; error
    @(137.5000 mm, 107.7500 mm): Via [Net-(U1A-PT4A)] on F.Cu - B.Cu
[drill_out_of_range]: Hole size out of range (board setup constraints min hole 0.3000 mm; actual 0.2000 mm)
    Rule: netclass 'Default'; error
    @(133.9500 mm, 113.5900 mm): Via [Net-(U1A-PT4A)] on F.Cu - B.Cu
[drill_out_of_range]: Hole size out of range (board setup constraints min hole 0.3000 mm; actual 0.2000 mm)
    Rule: netclass 'Default'; error
    @(137.5000 mm, 100.5500 mm): Via [PT71A] on F.Cu - B.Cu
[drill_out_of_range]: Hole size out of range (board setup constraints min hole 0.3000 mm; actual 0.2000 mm)
    Rule: netclass 'Default'; error
    @(138.3000 mm, 101.3500 mm): Via [PT35A] on F.Cu - B.Cu
[drill_out_of_range]: Hole size out of range (board setup constraints min hole 0.3000 mm; actual 0.2000 mm)
    Rule: netclass 'Default'; error
    @(138.3000 mm, 100.5500 mm): Via [PT58A] on F.Cu - B.Cu
[drill_out_of_range]: Hole size out of range (board setup constraints min hole 0.3000 mm; actual 0.2000 mm)
    Rule: netclass 'Default'; error
    @(139.1000 mm, 101.3500 mm): Via [PT35B] on F.Cu - B.Cu
[drill_out_of_range]: Hole size out of range (board setup constraints min hole 0.3000 mm; actual 0.2000 mm)
    Rule: netclass 'Default'; error
    @(139.1000 mm, 100.5500 mm): Via [PT58B] on F.Cu - B.Cu
[drill_out_of_range]: Hole size out of range (board setup constraints min hole 0.3000 mm; actual 0.2000 mm)
    Rule: netclass 'Default'; error
    @(139.9000 mm, 101.3500 mm): Via [PT56A] on F.Cu - B.Cu
[drill_out_of_range]: Hole size out of range (board setup constraints min hole 0.3000 mm; actual 0.2000 mm)
    Rule: netclass 'Default'; error
    @(139.9000 mm, 100.5500 mm): Via [PT69A] on F.Cu - B.Cu
[drill_out_of_range]: Hole size out of range (board setup constraints min hole 0.3000 mm; actual 0.2000 mm)
    Rule: netclass 'Default'; error
    @(140.7000 mm, 101.3500 mm): Via [PT56B] on F.Cu - B.Cu
[drill_out_of_range]: Hole size out of range (board setup constraints min hole 0.3000 mm; actual 0.2000 mm)
    Rule: netclass 'Default'; error
    @(140.7000 mm, 100.5500 mm): Via [PT69B] on F.Cu - B.Cu
[drill_out_of_range]: Hole size out of range (board setup constraints min hole 0.3000 mm; actual 0.2000 mm)
    Rule: netclass 'Default'; error
    @(143.1000 mm, 104.5500 mm): Via [VCCIO7] on F.Cu - B.Cu
[drill_out_of_range]: Hole size out of range (board setup constraints min hole 0.3000 mm; actual 0.2000 mm)
    Rule: netclass 'Default'; error
    @(143.1000 mm, 103.7500 mm): Via [VCCIO7] on F.Cu - B.Cu
[drill_out_of_range]: Hole size out of range (board setup constraints min hole 0.3000 mm; actual 0.2000 mm)
    Rule: netclass 'Default'; error
    @(143.9000 mm, 100.5500 mm): Via [3V3\] on F.Cu - B.Cu
[drill_out_of_range]: Hole size out of range (board setup constraints min hole 0.3000 mm; actual 0.2000 mm)
    Rule: netclass 'Default'; error
    @(143.1000 mm, 100.5500 mm): Via [3V3\] on F.Cu - B.Cu
[drill_out_of_range]: Hole size out of range (board setup constraints min hole 0.3000 mm; actual 0.2000 mm)
    Rule: netclass 'Default'; error
    @(145.5000 mm, 100.5500 mm): Via [VCCIO3] on F.Cu - B.Cu
[drill_out_of_range]: Hole size out of range (board setup constraints min hole 0.3000 mm; actual 0.2000 mm)
    Rule: netclass 'Default'; error
    @(144.7000 mm, 100.5500 mm): Via [VCCIO3] on F.Cu - B.Cu
[drill_out_of_range]: Hole size out of range (board setup constraints min hole 0.3000 mm; actual 0.2000 mm)
    Rule: netclass 'Default'; error
    @(156.3600 mm, 99.4200 mm): Via [CFG_1] on F.Cu - B.Cu
[drill_out_of_range]: Hole size out of range (board setup constraints min hole 0.3000 mm; actual 0.2000 mm)
    Rule: netclass 'Default'; error
    @(143.1000 mm, 97.3500 mm): Via [unconnected-(U1C-PR29B-PadH15)] on F.Cu - B.Cu
[copper_edge_clearance]: Board edge clearance violation (board setup constraints edge clearance 0.5000 mm; actual 0.4250 mm)
    Rule: board setup constraints edge; error
    @(119.9750 mm, 38.4700 mm): Rectangle on Edge.Cuts
    @(218.8500 mm, 85.0500 mm): Pad 9 [PT44A] of J1 on F.Cu
[copper_edge_clearance]: Board edge clearance violation (board setup constraints edge clearance 0.5000 mm; actual 0.4250 mm)
    Rule: board setup constraints edge; error
    @(119.9750 mm, 38.4700 mm): Rectangle on Edge.Cuts
    @(218.8500 mm, 80.1500 mm): Pad S3 [GND] of J1 on F.Cu
[copper_edge_clearance]: Board edge clearance violation (board setup constraints edge clearance 0.5000 mm; actual 0.4250 mm)
    Rule: board setup constraints edge; error
    @(119.9750 mm, 38.4700 mm): Rectangle on Edge.Cuts
    @(218.9500 mm, 88.1000 mm): Pad S5 [GND] of J1 on F.Cu
[mirrored_text_on_front_layer]: Mirrored text on front layer
    Local override; warning
    @(158.2500 mm, 136.2500 mm): PCB text 'GND' on F.Silkscreen
[nonmirrored_text_on_back_layer]: Non-Mirrored text on back layer
    Local override; warning
    @(149.7200 mm, 110.6378 mm): Footprint text of U4 (E)
[nonmirrored_text_on_back_layer]: Non-Mirrored text on back layer
    Local override; warning
    @(153.7200 mm, 110.6378 mm): Footprint text of U4 (A)
[nonmirrored_text_on_back_layer]: Non-Mirrored text on back layer
    Local override; warning
    @(156.3555 mm, 112.2700 mm): Footprint text of U4 (1)
[nonmirrored_text_on_back_layer]: Non-Mirrored text on back layer
    Local override; warning
    @(156.3555 mm, 116.2700 mm): Footprint text of U4 (5)
[text_height]: Text height out of range (board setup constraints silk text height min height 0.8000 mm; actual 0.4000 mm)
    Rule: board setup constraints silk text height; warning
    @(158.2500 mm, 136.2500 mm): PCB text 'GND' on F.Silkscreen
[text_height]: Text height out of range (board setup constraints silk text height min height 0.8000 mm; actual 0.3937 mm)
    Rule: board setup constraints silk text height; warning
    @(141.8780 mm, 111.8800 mm): Reference field of C6
[text_height]: Text height out of range (board setup constraints silk text height min height 0.8000 mm; actual 0.4800 mm)
    Rule: board setup constraints silk text height; warning
    @(153.7952 mm, 66.6300 mm): Reference field of D2
[text_height]: Text height out of range (board setup constraints silk text height min height 0.8000 mm; actual 0.4800 mm)
    Rule: board setup constraints silk text height; warning
    @(155.8100 mm, 64.1300 mm): Footprint text of D2 (+)
[text_height]: Text height out of range (board setup constraints silk text height min height 0.8000 mm; actual 0.4800 mm)
    Rule: board setup constraints silk text height; warning
    @(177.9552 mm, 100.2000 mm): Reference field of D1
[text_height]: Text height out of range (board setup constraints silk text height min height 0.8000 mm; actual 0.4800 mm)
    Rule: board setup constraints silk text height; warning
    @(179.9700 mm, 97.7000 mm): Footprint text of D1 (+)
[text_height]: Text height out of range (board setup constraints silk text height min height 0.8000 mm; actual 0.6416 mm)
    Rule: board setup constraints silk text height; warning
    @(198.0215 mm, 125.4285 mm): Reference field of Y2
[text_height]: Text height out of range (board setup constraints silk text height min height 0.8000 mm; actual 0.3937 mm)
    Rule: board setup constraints silk text height; warning
    @(152.8780 mm, 104.0000 mm): Reference field of C5
[text_height]: Text height out of range (board setup constraints silk text height min height 0.8000 mm; actual 0.3937 mm)
    Rule: board setup constraints silk text height; warning
    @(146.2317 mm, 104.6270 mm): Reference field of C1
[text_height]: Text height out of range (board setup constraints silk text height min height 0.8000 mm; actual 0.3937 mm)
    Rule: board setup constraints silk text height; warning
    @(199.3700 mm, 112.0020 mm): Reference field of C4
[lib_footprint_mismatch]: Footprint 'HRS_DM3CS-SF' does not match copy in library 'basic'
    Local override; warning
    @(212.5000 mm, 83.2500 mm): Footprint J1
[lib_footprint_mismatch]: Footprint 'HIROSE_CX90BW1-24P1' does not match copy in library 'basic'
    Local override; warning
    @(215.5400 mm, 131.4300 mm): Footprint J2
[lib_footprint_mismatch]: Footprint 'SW_B3F-1000' does not match copy in library 'SW_B3F-1000'
    Local override; warning
    @(161.1800 mm, 106.0000 mm): Footprint S1
[lib_footprint_mismatch]: Footprint 'PinHeader_1x02_P2.54mm_Vertical' does not match copy in library 'SL_Connectors'
    Local override; warning
    @(130.8100 mm, 96.9300 mm): Footprint J10
[lib_footprint_mismatch]: Footprint 'SOT-223_STM-M' does not match copy in library 'basic'
    Local override; warning
    @(180.4200 mm, 133.2300 mm): Footprint CR3
[lib_footprint_mismatch]: Footprint 'PinHeader_1x16_P2.54mm_Vertical' does not match copy in library 'SL_Connectors'
    Local override; warning
    @(159.9100 mm, 47.9100 mm): Footprint J5
[lib_footprint_mismatch]: Footprint 'PinHeader_1x02_P2.54mm_Vertical' does not match copy in library 'SL_Connectors'
    Local override; warning
    @(137.5200 mm, 122.6600 mm): Footprint J9
[lib_footprint_mismatch]: Footprint 'PinHeader_1x02_P2.54mm_Vertical' does not match copy in library 'SL_Connectors'
    Local override; warning
    @(128.7300 mm, 122.4000 mm): Footprint J8
[lib_footprint_mismatch]: Footprint 'SOT23_BSS84_INF' does not match copy in library 'basic'
    Local override; warning
    @(201.6638 mm, 83.1900 mm): Footprint Q1
[lib_footprint_mismatch]: Footprint 'RC0402N_YAG' does not match copy in library 'footprints4'
    Local override; warning
    @(215.2325 mm, 130.2858 mm): Footprint R7
[lib_footprint_mismatch]: Footprint 'QFN24-6X6_MC_MCH' does not match copy in library 'basic'
    Local override; warning
    @(196.0000 mm, 108.7566 mm): Footprint U2
[silk_edge_clearance]: Silkscreen clipped by board edge
    Rule: board setup constraints silk; warning
    @(119.9750 mm, 38.4700 mm): Rectangle on Edge.Cuts
    @(158.6400 mm, 46.1320 mm): Polygon of J5 on F.Silkscreen
[track_dangling]: Track has unconnected end
    Local override; warning
[track_dangling]: Track has unconnected end
    Local override; warning
    @(124.7103 mm, 134.5903 mm): Track [PT71A] on B.Cu, length 0.0071 mm
[via_dangling]: Via is not connected or connected on only one layer
    Local override; warning
    @(155.7500 mm, 65.1200 mm): Via [Net-(D2-Pad2)] on F.Cu - B.Cu
[via_dangling]: Via is not connected or connected on only one layer
    Local override; warning
    @(149.5000 mm, 105.3500 mm): Via [GND] on F.Cu - B.Cu
[via_dangling]: Via is not connected or connected on only one layer
    Local override; warning
    @(143.9000 mm, 104.5500 mm): Via [1V8] on F.Cu - B.Cu
[via_dangling]: Via is not connected or connected on only one layer
    Local override; warning
    @(150.7200 mm, 112.2700 mm): Via [1V8] on F.Cu - B.Cu
[via_dangling]: Via is not connected or connected on only one layer
    Local override; warning
    @(152.7200 mm, 115.2700 mm): Via [1V8] on F.Cu - B.Cu
[track_dangling]: Track has unconnected end
    Local override; warning
    @(219.0500 mm, 130.2400 mm): Track [5V] on F.Cu, length 0.0500 mm
[via_dangling]: Via is not connected or connected on only one layer
    Local override; warning
    @(153.7200 mm, 115.2700 mm): Via [PL35C] on F.Cu - B.Cu
[via_dangling]: Via is not connected or connected on only one layer
    Local override; warning
    @(150.7200 mm, 115.2700 mm): Via [PL41B] on F.Cu - B.Cu
[via_dangling]: Via is not connected or connected on only one layer
    Local override; warning
    @(147.1000 mm, 108.5500 mm): Via [PL41A] on F.Cu - B.Cu
[via_dangling]: Via is not connected or connected on only one layer
    Local override; warning
    @(147.1000 mm, 106.9500 mm): Via [PL44D] on F.Cu - B.Cu
[via_dangling]: Via is not connected or connected on only one layer
    Local override; warning
    @(147.9000 mm, 106.9500 mm): Via [PL59B] on F.Cu - B.Cu
[via_dangling]: Via is not connected or connected on only one layer
    Local override; warning
    @(149.5000 mm, 107.7500 mm): Via [PL59D] on F.Cu - B.Cu
[via_dangling]: Via is not connected or connected on only one layer
    Local override; warning
    @(150.7200 mm, 113.2700 mm): Via [PL38B] on F.Cu - B.Cu
[via_dangling]: Via is not connected or connected on only one layer
    Local override; warning
    @(147.1000 mm, 106.1500 mm): Via [PL59A] on F.Cu - B.Cu
[via_dangling]: Via is not connected or connected on only one layer
    Local override; warning
    @(148.7000 mm, 107.7500 mm): Via [PL59C] on F.Cu - B.Cu
[via_dangling]: Via is not connected or connected on only one layer
    Local override; warning
    @(149.5000 mm, 106.9500 mm): Via [PL62D] on F.Cu - B.Cu
[via_dangling]: Via is not connected or connected on only one layer
    Local override; warning
    @(148.7000 mm, 106.1500 mm): Via [PL62C] on F.Cu - B.Cu
[via_dangling]: Via is not connected or connected on only one layer
    Local override; warning
    @(151.7200 mm, 114.2700 mm): Via [PL62C] on F.Cu - B.Cu
[via_dangling]: Via is not connected or connected on only one layer
    Local override; warning
    @(161.5622 mm, 92.7626 mm): Via [Net-(U7-/WP(IO2))] on F.Cu - B.Cu
[via_dangling]: Via is not connected or connected on only one layer
    Local override; warning
    @(140.7000 mm, 96.5500 mm): Via [Net-(U1C-PR20D)] on F.Cu - B.Cu
[via_dangling]: Via is not connected or connected on only one layer
    Local override; warning
    @(141.5000 mm, 97.3500 mm): Via [Net-(U1C-PR20C)] on F.Cu - B.Cu
[via_dangling]: Via is not connected or connected on only one layer
    Local override; warning
    @(141.5000 mm, 99.7500 mm): Via [Net-(U1C-PR17D)] on F.Cu - B.Cu
[via_dangling]: Via is not connected or connected on only one layer
    Local override; warning
    @(139.9000 mm, 98.1500 mm): Via [Net-(U1C-PR11D)] on F.Cu - B.Cu
[via_dangling]: Via is not connected or connected on only one layer
    Local override; warning
    @(142.3000 mm, 104.5500 mm): Via [VCC] on F.Cu - B.Cu
[via_dangling]: Via is not connected or connected on only one layer
    Local override; warning
    @(198.7500 mm, 106.5000 mm): Via [Net-(U2-RBIAS)] on F.Cu - B.Cu
[via_dangling]: Via is not connected or connected on only one layer
    Local override; warning
    @(137.5000 mm, 100.5500 mm): Via [PT71A] on F.Cu - B.Cu
[via_dangling]: Via is not connected or connected on only one layer
    Local override; warning
    @(139.1000 mm, 101.3500 mm): Via [PT35B] on F.Cu - B.Cu
[via_dangling]: Via is not connected or connected on only one layer
    Local override; warning
    @(143.1000 mm, 104.5500 mm): Via [VCCIO7] on F.Cu - B.Cu
[via_dangling]: Via is not connected or connected on only one layer
    Local override; warning
    @(143.1000 mm, 103.7500 mm): Via [VCCIO7] on F.Cu - B.Cu
[via_dangling]: Via is not connected or connected on only one layer
    Local override; warning
    @(143.9000 mm, 100.5500 mm): Via [3V3\] on F.Cu - B.Cu
[via_dangling]: Via is not connected or connected on only one layer
    Local override; warning
    @(143.1000 mm, 100.5500 mm): Via [3V3\] on F.Cu - B.Cu
[via_dangling]: Via is not connected or connected on only one layer
    Local override; warning
    @(145.5000 mm, 100.5500 mm): Via [VCCIO3] on F.Cu - B.Cu
[via_dangling]: Via is not connected or connected on only one layer
    Local override; warning
    @(144.7000 mm, 100.5500 mm): Via [VCCIO3] on F.Cu - B.Cu
[via_dangling]: Via is not connected or connected on only one layer
    Local override; warning
    @(143.1000 mm, 97.3500 mm): Via [unconnected-(U1C-PR29B-PadH15)] on F.Cu - B.Cu

** Found 1 unconnected pads **
[unconnected_items]: Missing connection between items
    Local override; error
    @(143.9000 mm, 103.7500 mm): Track [1V8] on F.Cu, length 0.8000 mm

** Found 0 Footprint errors **

** Ignored checks **
    - Footprint has no courtyard defined
    - Track endpoint not centered on via
    - Tuning profile track geometries
    - Footprint doesn't match symbol's footprint filters
    - Footprint component type doesn't match footprint pads

** End of Report **
